Analysis & Synthesis report for ALU
Mon Oct 07 19:47:37 2019
Quartus Prime Version 18.1.0 Build 625 09/12/2018 SJ Lite Edition


---------------------
; Table of Contents ;
---------------------
  1. Legal Notice
  2. Analysis & Synthesis Summary
  3. Analysis & Synthesis Settings
  4. Parallel Compilation
  5. Analysis & Synthesis Source Files Read
  6. Analysis & Synthesis Resource Usage Summary
  7. Analysis & Synthesis Resource Utilization by Entity
  8. General Register Statistics
  9. Multiplexer Restructuring Statistics (Restructuring Performed)
 10. Port Connectivity Checks: "HEXdefinition:hex3"
 11. Port Connectivity Checks: "HEXdefinition:hex2"
 12. Port Connectivity Checks: "HEXdefinition:hex1"
 13. Port Connectivity Checks: "ripple_carry_adder:FA1"
 14. Post-Synthesis Netlist Statistics for Top Partition
 15. Elapsed Time Per Partition
 16. Analysis & Synthesis Messages
 17. Analysis & Synthesis Suppressed Messages



----------------
; Legal Notice ;
----------------
Copyright (C) 2018  Intel Corporation. All rights reserved.
Your use of Intel Corporation's design tools, logic functions 
and other software and tools, and its AMPP partner logic 
functions, and any output files from any of the foregoing 
(including device programming or simulation files), and any 
associated documentation or information are expressly subject 
to the terms and conditions of the Intel Program License 
Subscription Agreement, the Intel Quartus Prime License Agreement,
the Intel FPGA IP License Agreement, or other applicable license
agreement, including, without limitation, that your use is for
the sole purpose of programming logic devices manufactured by
Intel and sold by Intel or its authorized distributors.  Please
refer to the applicable agreement for further details.



+-------------------------------------------------------------------------------+
; Analysis & Synthesis Summary                                                  ;
+---------------------------------+---------------------------------------------+
; Analysis & Synthesis Status     ; Successful - Mon Oct 07 19:47:37 2019       ;
; Quartus Prime Version           ; 18.1.0 Build 625 09/12/2018 SJ Lite Edition ;
; Revision Name                   ; ALU                                         ;
; Top-level Entity Name           ; ALU                                         ;
; Family                          ; Cyclone V                                   ;
; Logic utilization (in ALMs)     ; N/A                                         ;
; Total registers                 ; 8                                           ;
; Total pins                      ; 72                                          ;
; Total virtual pins              ; 0                                           ;
; Total block memory bits         ; 0                                           ;
; Total DSP Blocks                ; 0                                           ;
; Total HSSI RX PCSs              ; 0                                           ;
; Total HSSI PMA RX Deserializers ; 0                                           ;
; Total HSSI TX PCSs              ; 0                                           ;
; Total HSSI PMA TX Serializers   ; 0                                           ;
; Total PLLs                      ; 0                                           ;
; Total DLLs                      ; 0                                           ;
+---------------------------------+---------------------------------------------+


+---------------------------------------------------------------------------------------------------------------------------+
; Analysis & Synthesis Settings                                                                                             ;
+---------------------------------------------------------------------------------+--------------------+--------------------+
; Option                                                                          ; Setting            ; Default Value      ;
+---------------------------------------------------------------------------------+--------------------+--------------------+
; Device                                                                          ; 5CSEMA5F31C6       ;                    ;
; Top-level entity name                                                           ; ALU                ; ALU                ;
; Family name                                                                     ; Cyclone V          ; Cyclone V          ;
; Use smart compilation                                                           ; Off                ; Off                ;
; Enable parallel Assembler and Timing Analyzer during compilation                ; On                 ; On                 ;
; Enable compact report table                                                     ; Off                ; Off                ;
; Restructure Multiplexers                                                        ; Auto               ; Auto               ;
; MLAB Add Timing Constraints For Mixed-Port Feed-Through Mode Setting Don't Care ; Off                ; Off                ;
; Create Debugging Nodes for IP Cores                                             ; Off                ; Off                ;
; Preserve fewer node names                                                       ; On                 ; On                 ;
; Intel FPGA IP Evaluation Mode                                                   ; Enable             ; Enable             ;
; Verilog Version                                                                 ; Verilog_2001       ; Verilog_2001       ;
; VHDL Version                                                                    ; VHDL_1993          ; VHDL_1993          ;
; State Machine Processing                                                        ; Auto               ; Auto               ;
; Safe State Machine                                                              ; Off                ; Off                ;
; Extract Verilog State Machines                                                  ; On                 ; On                 ;
; Extract VHDL State Machines                                                     ; On                 ; On                 ;
; Ignore Verilog initial constructs                                               ; Off                ; Off                ;
; Iteration limit for constant Verilog loops                                      ; 5000               ; 5000               ;
; Iteration limit for non-constant Verilog loops                                  ; 250                ; 250                ;
; Add Pass-Through Logic to Inferred RAMs                                         ; On                 ; On                 ;
; Infer RAMs from Raw Logic                                                       ; On                 ; On                 ;
; Parallel Synthesis                                                              ; On                 ; On                 ;
; DSP Block Balancing                                                             ; Auto               ; Auto               ;
; NOT Gate Push-Back                                                              ; On                 ; On                 ;
; Power-Up Don't Care                                                             ; On                 ; On                 ;
; Remove Redundant Logic Cells                                                    ; Off                ; Off                ;
; Remove Duplicate Registers                                                      ; On                 ; On                 ;
; Ignore CARRY Buffers                                                            ; Off                ; Off                ;
; Ignore CASCADE Buffers                                                          ; Off                ; Off                ;
; Ignore GLOBAL Buffers                                                           ; Off                ; Off                ;
; Ignore ROW GLOBAL Buffers                                                       ; Off                ; Off                ;
; Ignore LCELL Buffers                                                            ; Off                ; Off                ;
; Ignore SOFT Buffers                                                             ; On                 ; On                 ;
; Limit AHDL Integers to 32 Bits                                                  ; Off                ; Off                ;
; Optimization Technique                                                          ; Balanced           ; Balanced           ;
; Carry Chain Length                                                              ; 70                 ; 70                 ;
; Auto Carry Chains                                                               ; On                 ; On                 ;
; Auto Open-Drain Pins                                                            ; On                 ; On                 ;
; Perform WYSIWYG Primitive Resynthesis                                           ; Off                ; Off                ;
; Auto ROM Replacement                                                            ; On                 ; On                 ;
; Auto RAM Replacement                                                            ; On                 ; On                 ;
; Auto DSP Block Replacement                                                      ; On                 ; On                 ;
; Auto Shift Register Replacement                                                 ; Auto               ; Auto               ;
; Allow Shift Register Merging across Hierarchies                                 ; Auto               ; Auto               ;
; Auto Clock Enable Replacement                                                   ; On                 ; On                 ;
; Strict RAM Replacement                                                          ; Off                ; Off                ;
; Allow Synchronous Control Signals                                               ; On                 ; On                 ;
; Force Use of Synchronous Clear Signals                                          ; Off                ; Off                ;
; Auto Resource Sharing                                                           ; Off                ; Off                ;
; Allow Any RAM Size For Recognition                                              ; Off                ; Off                ;
; Allow Any ROM Size For Recognition                                              ; Off                ; Off                ;
; Allow Any Shift Register Size For Recognition                                   ; Off                ; Off                ;
; Use LogicLock Constraints during Resource Balancing                             ; On                 ; On                 ;
; Ignore translate_off and synthesis_off directives                               ; Off                ; Off                ;
; Timing-Driven Synthesis                                                         ; On                 ; On                 ;
; Report Parameter Settings                                                       ; On                 ; On                 ;
; Report Source Assignments                                                       ; On                 ; On                 ;
; Report Connectivity Checks                                                      ; On                 ; On                 ;
; Ignore Maximum Fan-Out Assignments                                              ; Off                ; Off                ;
; Synchronization Register Chain Length                                           ; 3                  ; 3                  ;
; Power Optimization During Synthesis                                             ; Normal compilation ; Normal compilation ;
; HDL message level                                                               ; Level2             ; Level2             ;
; Suppress Register Optimization Related Messages                                 ; Off                ; Off                ;
; Number of Removed Registers Reported in Synthesis Report                        ; 5000               ; 5000               ;
; Number of Swept Nodes Reported in Synthesis Report                              ; 5000               ; 5000               ;
; Number of Inverted Registers Reported in Synthesis Report                       ; 100                ; 100                ;
; Clock MUX Protection                                                            ; On                 ; On                 ;
; Auto Gated Clock Conversion                                                     ; Off                ; Off                ;
; Block Design Naming                                                             ; Auto               ; Auto               ;
; SDC constraint protection                                                       ; Off                ; Off                ;
; Synthesis Effort                                                                ; Auto               ; Auto               ;
; Shift Register Replacement - Allow Asynchronous Clear Signal                    ; On                 ; On                 ;
; Pre-Mapping Resynthesis Optimization                                            ; Off                ; Off                ;
; Analysis & Synthesis Message Level                                              ; Medium             ; Medium             ;
; Disable Register Merging Across Hierarchies                                     ; Auto               ; Auto               ;
; Resource Aware Inference For Block RAM                                          ; On                 ; On                 ;
; Automatic Parallel Synthesis                                                    ; On                 ; On                 ;
; Partial Reconfiguration Bitstream ID                                            ; Off                ; Off                ;
+---------------------------------------------------------------------------------+--------------------+--------------------+


+------------------------------------------+
; Parallel Compilation                     ;
+----------------------------+-------------+
; Processors                 ; Number      ;
+----------------------------+-------------+
; Number detected on machine ; 12          ;
; Maximum allowed            ; 6           ;
;                            ;             ;
; Average used               ; 1.00        ;
; Maximum used               ; 6           ;
;                            ;             ;
; Usage by Processor         ; % Time Used ;
;     Processor 1            ; 100.0%      ;
;     Processors 2-6         ;   0.0%      ;
+----------------------------+-------------+


+----------------------------------------------------------------------------------------------------------------------------+
; Analysis & Synthesis Source Files Read                                                                                     ;
+----------------------------------+-----------------+------------------------+------------------------------------+---------+
; File Name with User-Entered Path ; Used in Netlist ; File Type              ; File Name with Absolute Path       ; Library ;
+----------------------------------+-----------------+------------------------+------------------------------------+---------+
; ALU.v                            ; yes             ; User Verilog HDL File  ; E:/Projects/ECE241/lab4/pt2b/ALU.v ;         ;
+----------------------------------+-----------------+------------------------+------------------------------------+---------+


+----------------------------------------------------------------------+
; Analysis & Synthesis Resource Usage Summary                          ;
+---------------------------------------------+------------------------+
; Resource                                    ; Usage                  ;
+---------------------------------------------+------------------------+
; Estimate of Logic utilization (ALMs needed) ; 35                     ;
;                                             ;                        ;
; Combinational ALUT usage for logic          ; 55                     ;
;     -- 7 input functions                    ; 1                      ;
;     -- 6 input functions                    ; 13                     ;
;     -- 5 input functions                    ; 3                      ;
;     -- 4 input functions                    ; 27                     ;
;     -- <=3 input functions                  ; 11                     ;
;                                             ;                        ;
; Dedicated logic registers                   ; 8                      ;
;                                             ;                        ;
; I/O pins                                    ; 72                     ;
;                                             ;                        ;
; Total DSP Blocks                            ; 0                      ;
;                                             ;                        ;
; Maximum fan-out node                        ; flipflop:register|Q[1] ;
; Maximum fan-out                             ; 17                     ;
; Total fan-out                               ; 370                    ;
; Average fan-out                             ; 1.79                   ;
+---------------------------------------------+------------------------+


+----------------------------------------------------------------------------------------------------------------------------------------------------------------------------------------------------------------+
; Analysis & Synthesis Resource Utilization by Entity                                                                                                                                                            ;
+-----------------------------+---------------------+---------------------------+-------------------+------------+------+--------------+-------------------------------------+--------------------+--------------+
; Compilation Hierarchy Node  ; Combinational ALUTs ; Dedicated Logic Registers ; Block Memory Bits ; DSP Blocks ; Pins ; Virtual Pins ; Full Hierarchy Name                 ; Entity Name        ; Library Name ;
+-----------------------------+---------------------+---------------------------+-------------------+------------+------+--------------+-------------------------------------+--------------------+--------------+
; |ALU                        ; 55 (30)             ; 8 (0)                     ; 0                 ; 0          ; 72   ; 0            ; |ALU                                ; ALU                ; work         ;
;    |HEXdefinition:hex0|     ; 8 (8)               ; 0 (0)                     ; 0                 ; 0          ; 0    ; 0            ; |ALU|HEXdefinition:hex0             ; HEXdefinition      ; work         ;
;    |HEXdefinition:hex4|     ; 8 (8)               ; 0 (0)                     ; 0                 ; 0          ; 0    ; 0            ; |ALU|HEXdefinition:hex4             ; HEXdefinition      ; work         ;
;    |HEXdefinition:hex5|     ; 7 (7)               ; 0 (0)                     ; 0                 ; 0          ; 0    ; 0            ; |ALU|HEXdefinition:hex5             ; HEXdefinition      ; work         ;
;    |flipflop:register|      ; 0 (0)               ; 8 (8)                     ; 0                 ; 0          ; 0    ; 0            ; |ALU|flipflop:register              ; flipflop           ; work         ;
;    |ripple_carry_adder:FA1| ; 2 (0)               ; 0 (0)                     ; 0                 ; 0          ; 0    ; 0            ; |ALU|ripple_carry_adder:FA1         ; ripple_carry_adder ; work         ;
;       |FA:bit1|             ; 1 (1)               ; 0 (0)                     ; 0                 ; 0          ; 0    ; 0            ; |ALU|ripple_carry_adder:FA1|FA:bit1 ; FA                 ; work         ;
;       |FA:bit2|             ; 1 (1)               ; 0 (0)                     ; 0                 ; 0          ; 0    ; 0            ; |ALU|ripple_carry_adder:FA1|FA:bit2 ; FA                 ; work         ;
+-----------------------------+---------------------+---------------------------+-------------------+------------+------+--------------+-------------------------------------+--------------------+--------------+
Note: For table entries with two numbers listed, the numbers in parentheses indicate the number of resources of the given type used by the specific entity alone. The numbers listed outside of parentheses indicate the total resources of the given type used by the specific entity and all of its sub-entities in the hierarchy.


+------------------------------------------------------+
; General Register Statistics                          ;
+----------------------------------------------+-------+
; Statistic                                    ; Value ;
+----------------------------------------------+-------+
; Total registers                              ; 8     ;
; Number of registers using Synchronous Clear  ; 8     ;
; Number of registers using Synchronous Load   ; 0     ;
; Number of registers using Asynchronous Clear ; 0     ;
; Number of registers using Asynchronous Load  ; 0     ;
; Number of registers using Clock Enable       ; 0     ;
; Number of registers using Preset             ; 0     ;
+----------------------------------------------+-------+


+------------------------------------------------------------------------------------------------------------------------------------------+
; Multiplexer Restructuring Statistics (Restructuring Performed)                                                                           ;
+--------------------+-----------+---------------+----------------------+------------------------+------------+----------------------------+
; Multiplexer Inputs ; Bus Width ; Baseline Area ; Area if Restructured ; Saving if Restructured ; Registered ; Example Multiplexer Output ;
+--------------------+-----------+---------------+----------------------+------------------------+------------+----------------------------+
; 6:1                ; 2 bits    ; 8 LEs         ; 8 LEs                ; 0 LEs                  ; No         ; |ALU|Mux2                  ;
; 7:1                ; 3 bits    ; 12 LEs        ; 12 LEs               ; 0 LEs                  ; No         ; |ALU|Mux6                  ;
+--------------------+-----------+---------------+----------------------+------------------------+------------+----------------------------+


+----------------------------------------------------------------------------------------------------------------------------------------------------------------------------------------------------------------+
; Port Connectivity Checks: "HEXdefinition:hex3"                                                                                                                                                                 ;
+--------+-------+----------+------------------------------------------------------------------------------------------------------------------------------------------------------------------------------------+
; Port   ; Type  ; Severity ; Details                                                                                                                                                                            ;
+--------+-------+----------+------------------------------------------------------------------------------------------------------------------------------------------------------------------------------------+
; x1     ; Input ; Warning  ; Input port expression (32 bits) is wider than the input port (1 bits) it drives.  The 31 most-significant bit(s) in the expression will be dangling if they have no other fanouts. ;
; x1[-1] ; Input ; Info     ; Stuck at GND                                                                                                                                                                       ;
; x2     ; Input ; Warning  ; Input port expression (32 bits) is wider than the input port (1 bits) it drives.  The 31 most-significant bit(s) in the expression will be dangling if they have no other fanouts. ;
; x2[-1] ; Input ; Info     ; Stuck at GND                                                                                                                                                                       ;
; x3     ; Input ; Warning  ; Input port expression (32 bits) is wider than the input port (1 bits) it drives.  The 31 most-significant bit(s) in the expression will be dangling if they have no other fanouts. ;
; x3[-1] ; Input ; Info     ; Stuck at GND                                                                                                                                                                       ;
; x4     ; Input ; Warning  ; Input port expression (32 bits) is wider than the input port (1 bits) it drives.  The 31 most-significant bit(s) in the expression will be dangling if they have no other fanouts. ;
; x4[-1] ; Input ; Info     ; Stuck at GND                                                                                                                                                                       ;
+--------+-------+----------+------------------------------------------------------------------------------------------------------------------------------------------------------------------------------------+


+----------------------------------------------------------------------------------------------------------------------------------------------------------------------------------------------------------------+
; Port Connectivity Checks: "HEXdefinition:hex2"                                                                                                                                                                 ;
+--------+-------+----------+------------------------------------------------------------------------------------------------------------------------------------------------------------------------------------+
; Port   ; Type  ; Severity ; Details                                                                                                                                                                            ;
+--------+-------+----------+------------------------------------------------------------------------------------------------------------------------------------------------------------------------------------+
; x1     ; Input ; Warning  ; Input port expression (32 bits) is wider than the input port (1 bits) it drives.  The 31 most-significant bit(s) in the expression will be dangling if they have no other fanouts. ;
; x1[-1] ; Input ; Info     ; Stuck at GND                                                                                                                                                                       ;
; x2     ; Input ; Warning  ; Input port expression (32 bits) is wider than the input port (1 bits) it drives.  The 31 most-significant bit(s) in the expression will be dangling if they have no other fanouts. ;
; x2[-1] ; Input ; Info     ; Stuck at GND                                                                                                                                                                       ;
; x3     ; Input ; Warning  ; Input port expression (32 bits) is wider than the input port (1 bits) it drives.  The 31 most-significant bit(s) in the expression will be dangling if they have no other fanouts. ;
; x3[-1] ; Input ; Info     ; Stuck at GND                                                                                                                                                                       ;
; x4     ; Input ; Warning  ; Input port expression (32 bits) is wider than the input port (1 bits) it drives.  The 31 most-significant bit(s) in the expression will be dangling if they have no other fanouts. ;
; x4[-1] ; Input ; Info     ; Stuck at GND                                                                                                                                                                       ;
+--------+-------+----------+------------------------------------------------------------------------------------------------------------------------------------------------------------------------------------+


+----------------------------------------------------------------------------------------------------------------------------------------------------------------------------------------------------------------+
; Port Connectivity Checks: "HEXdefinition:hex1"                                                                                                                                                                 ;
+--------+-------+----------+------------------------------------------------------------------------------------------------------------------------------------------------------------------------------------+
; Port   ; Type  ; Severity ; Details                                                                                                                                                                            ;
+--------+-------+----------+------------------------------------------------------------------------------------------------------------------------------------------------------------------------------------+
; x1     ; Input ; Warning  ; Input port expression (32 bits) is wider than the input port (1 bits) it drives.  The 31 most-significant bit(s) in the expression will be dangling if they have no other fanouts. ;
; x1[-1] ; Input ; Info     ; Stuck at GND                                                                                                                                                                       ;
; x2     ; Input ; Warning  ; Input port expression (32 bits) is wider than the input port (1 bits) it drives.  The 31 most-significant bit(s) in the expression will be dangling if they have no other fanouts. ;
; x2[-1] ; Input ; Info     ; Stuck at GND                                                                                                                                                                       ;
; x3     ; Input ; Warning  ; Input port expression (32 bits) is wider than the input port (1 bits) it drives.  The 31 most-significant bit(s) in the expression will be dangling if they have no other fanouts. ;
; x3[-1] ; Input ; Info     ; Stuck at GND                                                                                                                                                                       ;
; x4     ; Input ; Warning  ; Input port expression (32 bits) is wider than the input port (1 bits) it drives.  The 31 most-significant bit(s) in the expression will be dangling if they have no other fanouts. ;
; x4[-1] ; Input ; Info     ; Stuck at GND                                                                                                                                                                       ;
+--------+-------+----------+------------------------------------------------------------------------------------------------------------------------------------------------------------------------------------+


+-----------------------------------------------------------------------------------------------------------------------------------------------------------------------------------------------------------------+
; Port Connectivity Checks: "ripple_carry_adder:FA1"                                                                                                                                                              ;
+---------+-------+----------+------------------------------------------------------------------------------------------------------------------------------------------------------------------------------------+
; Port    ; Type  ; Severity ; Details                                                                                                                                                                            ;
+---------+-------+----------+------------------------------------------------------------------------------------------------------------------------------------------------------------------------------------+
; Cin     ; Input ; Warning  ; Input port expression (32 bits) is wider than the input port (1 bits) it drives.  The 31 most-significant bit(s) in the expression will be dangling if they have no other fanouts. ;
; Cin[-1] ; Input ; Info     ; Stuck at GND                                                                                                                                                                       ;
+---------+-------+----------+------------------------------------------------------------------------------------------------------------------------------------------------------------------------------------+


+-----------------------------------------------------+
; Post-Synthesis Netlist Statistics for Top Partition ;
+-----------------------+-----------------------------+
; Type                  ; Count                       ;
+-----------------------+-----------------------------+
; arriav_ff             ; 8                           ;
;     SCLR              ; 8                           ;
; arriav_lcell_comb     ; 57                          ;
;     arith             ; 5                           ;
;         0 data inputs ; 1                           ;
;         2 data inputs ; 4                           ;
;     extend            ; 1                           ;
;         7 data inputs ; 1                           ;
;     normal            ; 51                          ;
;         0 data inputs ; 2                           ;
;         2 data inputs ; 1                           ;
;         3 data inputs ; 5                           ;
;         4 data inputs ; 27                          ;
;         5 data inputs ; 3                           ;
;         6 data inputs ; 13                          ;
; boundary_port         ; 72                          ;
;                       ;                             ;
; Max LUT depth         ; 3.30                        ;
; Average LUT depth     ; 2.16                        ;
+-----------------------+-----------------------------+


+-------------------------------+
; Elapsed Time Per Partition    ;
+----------------+--------------+
; Partition Name ; Elapsed Time ;
+----------------+--------------+
; Top            ; 00:00:00     ;
+----------------+--------------+


+-------------------------------+
; Analysis & Synthesis Messages ;
+-------------------------------+
Info: *******************************************************************
Info: Running Quartus Prime Analysis & Synthesis
    Info: Version 18.1.0 Build 625 09/12/2018 SJ Lite Edition
    Info: Processing started: Mon Oct 07 19:47:24 2019
Info: Command: quartus_map --read_settings_files=on --write_settings_files=off ALU -c ALU
Warning (18236): Number of processors has not been specified which may cause overloading on shared machines.  Set the global assignment NUM_PARALLEL_PROCESSORS in your QSF to an appropriate value for best performance.
Info (20030): Parallel compilation is enabled and will use 6 of the 6 processors detected
Info (12021): Found 5 design units, including 5 entities, in source file alu.v
    Info (12023): Found entity 1: ripple_carry_adder File: E:/Projects/ECE241/lab4/pt2b/ALU.v Line: 3
    Info (12023): Found entity 2: FA File: E:/Projects/ECE241/lab4/pt2b/ALU.v Line: 20
    Info (12023): Found entity 3: HEXdefinition File: E:/Projects/ECE241/lab4/pt2b/ALU.v Line: 30
    Info (12023): Found entity 4: flipflop File: E:/Projects/ECE241/lab4/pt2b/ALU.v Line: 54
    Info (12023): Found entity 5: ALU File: E:/Projects/ECE241/lab4/pt2b/ALU.v Line: 70
Info (12127): Elaborating entity "ALU" for the top level hierarchy
Info (12128): Elaborating entity "ripple_carry_adder" for hierarchy "ripple_carry_adder:FA1" File: E:/Projects/ECE241/lab4/pt2b/ALU.v Line: 93
Info (12128): Elaborating entity "FA" for hierarchy "ripple_carry_adder:FA1|FA:bit0" File: E:/Projects/ECE241/lab4/pt2b/ALU.v Line: 13
Info (12128): Elaborating entity "flipflop" for hierarchy "flipflop:register" File: E:/Projects/ECE241/lab4/pt2b/ALU.v Line: 159
Info (12128): Elaborating entity "HEXdefinition" for hierarchy "HEXdefinition:hex0" File: E:/Projects/ECE241/lab4/pt2b/ALU.v Line: 176
Warning (12241): 4 hierarchies have connectivity warnings - see the Connectivity Checks report folder
Warning (13024): Output pins are stuck at VCC or GND
    Warning (13410): Pin "HEX1[0]" is stuck at GND File: E:/Projects/ECE241/lab4/pt2b/ALU.v Line: 76
    Warning (13410): Pin "HEX1[1]" is stuck at GND File: E:/Projects/ECE241/lab4/pt2b/ALU.v Line: 76
    Warning (13410): Pin "HEX1[2]" is stuck at GND File: E:/Projects/ECE241/lab4/pt2b/ALU.v Line: 76
    Warning (13410): Pin "HEX1[3]" is stuck at GND File: E:/Projects/ECE241/lab4/pt2b/ALU.v Line: 76
    Warning (13410): Pin "HEX1[4]" is stuck at GND File: E:/Projects/ECE241/lab4/pt2b/ALU.v Line: 76
    Warning (13410): Pin "HEX1[5]" is stuck at GND File: E:/Projects/ECE241/lab4/pt2b/ALU.v Line: 76
    Warning (13410): Pin "HEX1[6]" is stuck at VCC File: E:/Projects/ECE241/lab4/pt2b/ALU.v Line: 76
    Warning (13410): Pin "HEX2[0]" is stuck at GND File: E:/Projects/ECE241/lab4/pt2b/ALU.v Line: 77
    Warning (13410): Pin "HEX2[1]" is stuck at GND File: E:/Projects/ECE241/lab4/pt2b/ALU.v Line: 77
    Warning (13410): Pin "HEX2[2]" is stuck at GND File: E:/Projects/ECE241/lab4/pt2b/ALU.v Line: 77
    Warning (13410): Pin "HEX2[3]" is stuck at GND File: E:/Projects/ECE241/lab4/pt2b/ALU.v Line: 77
    Warning (13410): Pin "HEX2[4]" is stuck at GND File: E:/Projects/ECE241/lab4/pt2b/ALU.v Line: 77
    Warning (13410): Pin "HEX2[5]" is stuck at GND File: E:/Projects/ECE241/lab4/pt2b/ALU.v Line: 77
    Warning (13410): Pin "HEX2[6]" is stuck at VCC File: E:/Projects/ECE241/lab4/pt2b/ALU.v Line: 77
    Warning (13410): Pin "HEX3[0]" is stuck at GND File: E:/Projects/ECE241/lab4/pt2b/ALU.v Line: 78
    Warning (13410): Pin "HEX3[1]" is stuck at GND File: E:/Projects/ECE241/lab4/pt2b/ALU.v Line: 78
    Warning (13410): Pin "HEX3[2]" is stuck at GND File: E:/Projects/ECE241/lab4/pt2b/ALU.v Line: 78
    Warning (13410): Pin "HEX3[3]" is stuck at GND File: E:/Projects/ECE241/lab4/pt2b/ALU.v Line: 78
    Warning (13410): Pin "HEX3[4]" is stuck at GND File: E:/Projects/ECE241/lab4/pt2b/ALU.v Line: 78
    Warning (13410): Pin "HEX3[5]" is stuck at GND File: E:/Projects/ECE241/lab4/pt2b/ALU.v Line: 78
    Warning (13410): Pin "HEX3[6]" is stuck at VCC File: E:/Projects/ECE241/lab4/pt2b/ALU.v Line: 78
Info (286030): Timing-Driven Synthesis is running
Info (144001): Generated suppressed messages file E:/Projects/ECE241/lab4/pt2b/output_files/ALU.map.smsg
Info (16010): Generating hard_block partition "hard_block:auto_generated_inst"
    Info (16011): Adding 0 node(s), including 0 DDIO, 0 PLL, 0 transceiver and 0 LCELL
Warning (21074): Design contains 5 input pin(s) that do not drive logic
    Warning (15610): No output dependent on input pin "SW[4]" File: E:/Projects/ECE241/lab4/pt2b/ALU.v Line: 72
    Warning (15610): No output dependent on input pin "SW[5]" File: E:/Projects/ECE241/lab4/pt2b/ALU.v Line: 72
    Warning (15610): No output dependent on input pin "SW[6]" File: E:/Projects/ECE241/lab4/pt2b/ALU.v Line: 72
    Warning (15610): No output dependent on input pin "SW[7]" File: E:/Projects/ECE241/lab4/pt2b/ALU.v Line: 72
    Warning (15610): No output dependent on input pin "SW[8]" File: E:/Projects/ECE241/lab4/pt2b/ALU.v Line: 72
Info (21057): Implemented 135 device resources after synthesis - the final resource count might be different
    Info (21058): Implemented 14 input pins
    Info (21059): Implemented 58 output pins
    Info (21061): Implemented 63 logic cells
Info: Quartus Prime Analysis & Synthesis was successful. 0 errors, 30 warnings
    Info: Peak virtual memory: 4855 megabytes
    Info: Processing ended: Mon Oct 07 19:47:37 2019
    Info: Elapsed time: 00:00:13
    Info: Total CPU time (on all processors): 00:00:20


+------------------------------------------+
; Analysis & Synthesis Suppressed Messages ;
+------------------------------------------+
The suppressed messages can be found in E:/Projects/ECE241/lab4/pt2b/output_files/ALU.map.smsg.


